c:\users\fr3nd\desktop\mqttshellydevices1\x64\release\shellydevicesandroutines.pdb
c:\users\fr3nd\desktop\mqttshellydevices1\x64\release\sensoreht.obj
c:\users\fr3nd\desktop\mqttshellydevices1\x64\release\subject.obj
c:\users\fr3nd\desktop\mqttshellydevices1\x64\release\routines.obj
c:\users\fr3nd\desktop\mqttshellydevices1\x64\release\plug.obj
c:\users\fr3nd\desktop\mqttshellydevices1\x64\release\bulbduo.obj
c:\users\fr3nd\desktop\mqttshellydevices1\x64\release\mqttclient.obj
c:\users\fr3nd\desktop\mqttshellydevices1\x64\release\main.obj
c:\users\fr3nd\desktop\mqttshellydevices1\x64\release\jsonmanagerroutines.obj
c:\users\fr3nd\desktop\mqttshellydevices1\x64\release\gestioneroutines.obj
c:\users\fr3nd\desktop\mqttshellydevices1\x64\release\funzioniroutines.obj
c:\users\fr3nd\desktop\mqttshellydevices1\x64\release\sensoredw2.obj
c:\users\fr3nd\desktop\mqttshellydevices1\x64\release\gestionedispositivo.obj
c:\users\fr3nd\desktop\mqttshellydevices1\x64\release\dispositivodefault.obj
c:\users\fr3nd\desktop\mqttshellydevices1\x64\release\application.obj
c:\users\fr3nd\desktop\mqttshellydevices1\x64\release\libcrypto-1_1-x64.dll
c:\users\fr3nd\desktop\mqttshellydevices1\x64\release\libssl-1_1-x64.dll
c:\users\fr3nd\desktop\mqttshellydevices1\x64\release\mosquitto.dll
c:\users\fr3nd\desktop\mqttshellydevices1\x64\release\mosquittopp.dll
c:\users\fr3nd\desktop\mqttshellydevices1\x64\release\mosquitto_dynamic_security.dll
c:\users\fr3nd\desktop\mqttshellydevices1\x64\release\shellydevicesandroutines.exe
c:\users\fr3nd\desktop\mqttshellydevices1\x64\release\shellydevicesandroutines.ipdb
c:\users\fr3nd\desktop\mqttshellydevices1\x64\release\shellydevicesandroutines.iobj
c:\users\fr3nd\desktop\mqttshellydevices1\x64\release\shellyde.74bb0335.tlog\cl.command.1.tlog
c:\users\fr3nd\desktop\mqttshellydevices1\x64\release\shellyde.74bb0335.tlog\cl.items.tlog
c:\users\fr3nd\desktop\mqttshellydevices1\x64\release\shellyde.74bb0335.tlog\cl.read.1.tlog
c:\users\fr3nd\desktop\mqttshellydevices1\x64\release\shellyde.74bb0335.tlog\cl.write.1.tlog
c:\users\fr3nd\desktop\mqttshellydevices1\x64\release\shellyde.74bb0335.tlog\copyfile.command.1.tlog
c:\users\fr3nd\desktop\mqttshellydevices1\x64\release\shellyde.74bb0335.tlog\copyfile.read.1.tlog
c:\users\fr3nd\desktop\mqttshellydevices1\x64\release\shellyde.74bb0335.tlog\copyfile.write.1.tlog
c:\users\fr3nd\desktop\mqttshellydevices1\x64\release\shellyde.74bb0335.tlog\link.command.1.tlog
c:\users\fr3nd\desktop\mqttshellydevices1\x64\release\shellyde.74bb0335.tlog\link.read.1.tlog
c:\users\fr3nd\desktop\mqttshellydevices1\x64\release\shellyde.74bb0335.tlog\link.write.1.tlog
c:\users\fr3nd\desktop\mqttshellydevices1\x64\release\shellyde.74bb0335.tlog\link.write.2u.tlog
